    Checking cfg-if v1.0.4
    Checking windows-link v0.2.1
    Checking itoa v1.0.18
    Checking smallvec v1.15.1
    Checking stable_deref_trait v1.2.1
    Checking pin-project-lite v0.2.17
    Checking scopeguard v1.2.0
    Checking once_cell v1.21.4
    Checking log v0.4.29
    Checking zerofrom v0.1.7
    Checking libc v0.2.186
    Checking bitflags v2.11.1
    Checking bytes v1.11.1
    Checking windows_x86_64_gnu v0.52.6
    Checking windows-sys v0.61.2
    Checking winapi-x86_64-pc-windows-gnu v0.4.0
    Checking futures-core v0.3.32
    Checking lock_api v0.4.14
    Checking parking_lot_core v0.9.12
    Checking yoke v0.8.2
    Checking memchr v2.8.0
    Checking lazy_static v1.5.0
    Checking windows-targets v0.52.6
    Checking num-traits v0.2.19
    Checking writeable v0.6.3
    Checking winapi v0.3.9
    Checking litemap v0.8.2
    Checking windows_x86_64_gnu v0.48.5
    Checking utf8_iter v1.0.4
    Checking allocator-api2 v0.2.21
    Checking parking_lot v0.12.5
    Checking zerovec v0.11.6
    Checking zerotrie v0.2.4
    Checking foldhash v0.2.0
    Checking ryu v1.0.23
    Checking equivalent v1.0.2
    Checking http v1.4.0
    Checking windows-targets v0.48.5
    Checking thiserror v2.0.18
    Checking tracing-core v0.1.36
    Checking unicode-width v0.2.2
    Checking hashbrown v0.16.1
    Checking zeroize v1.8.2
    Checking unicode-segmentation v1.13.2
    Checking either v1.15.0
    Checking arrayvec v0.7.6
    Checking percent-encoding v2.3.2
    Checking rustls-pki-types v1.14.1
    Checking num-integer v0.1.46
    Checking castaway v0.2.4
    Checking tinystr v0.8.3
    Checking potential_utf v0.1.5
    Checking itertools v0.14.0
    Checking icu_normalizer_data v2.2.0
    Checking icu_properties_data v2.2.0
    Checking getrandom v0.2.17
    Checking http-body v1.0.1
    Checking icu_collections v2.2.0
    Checking bitflags v1.3.2
    Checking static_assertions v1.1.0
    Checking powerfmt v0.2.0
    Checking icu_locale_core v2.2.0
    Checking slab v0.4.12
    Checking untrusted v0.9.0
    Checking futures-task v0.3.32
    Checking compact_str v0.9.0
    Checking kasuari v0.4.12
    Checking deranged v0.5.8
    Checking lru v0.16.4
    Checking ring v0.17.14
    Checking tracing v0.1.44
    Checking futures-util v0.3.32
   Compiling convert_case v0.10.0
    Checking strum v0.27.2
    Checking aho-corasick v1.1.4
    Checking try-lock v0.2.5
    Checking regex-syntax v0.8.10
    Checking num-conv v0.2.1
    Checking tower-service v0.3.3
    Checking time-core v0.1.8
    Checking icu_provider v2.2.0
    Checking typenum v1.20.0
    Checking bytemuck v1.25.0
    Checking unicode-truncate v2.0.1
   Compiling derive_more-impl v2.1.1
    Checking icu_properties v2.2.0
    Checking icu_normalizer v2.2.0
    Checking ratatui-core v0.1.0
    Checking symphonia-core v0.5.5
    Checking time v0.3.47
    Checking want v0.3.1
    Checking rustls-webpki v0.103.13
    Checking httparse v1.10.1
    Checking generic-array v0.14.7
    Checking crossbeam-utils v0.8.21
    Checking serde_core v1.0.228
    Checking form_urlencoded v1.2.2
    Checking windows-result v0.1.2
    Checking regex-automata v0.4.14
    Checking futures-channel v0.3.32
    Checking encoding_rs v0.8.35
    Checking subtle v2.6.1
    Checking byteorder v1.5.0
    Checking atomic-waker v1.1.2
    Checking strength_reduce v0.2.4
    Checking idna_adapter v1.2.2
    Checking rustls v0.23.40
    Checking windows-core v0.54.0
    Checking crossbeam-channel v0.5.15
    Checking transpose v0.2.3
    Checking crossterm_winapi v0.9.1
    Checking idna v1.1.0
    Checking derive_more v2.1.1
    Checking primal-check v0.3.4
    Checking num-complex v0.4.6
    Checking windows-sys v0.48.0
    Checking sync_wrapper v1.0.2
    Checking line-clipping v0.3.7
    Checking tower-layer v0.3.3
    Checking mio v1.2.0
    Checking socket2 v0.6.3
    Checking winapi-util v0.1.11
    Checking symphonia-metadata v0.5.5
    Checking tinyvec_macros v0.1.1
    Checking base64 v0.22.1
    Checking adler2 v2.0.1
    Checking ipnet v2.12.0
    Checking simd-adler32 v0.3.9
    Checking same-file v1.0.6
    Checking tinyvec v1.11.0
    Checking rustfft v6.4.1
    Checking tokio v1.52.3
    Checking symphonia-bundle-mp3 v0.5.5
    Checking miniz_oxide v0.8.9
    Checking ratatui-widgets v0.3.0
    Checking windows v0.54.0
    Checking url v2.5.8
    Checking serde v1.0.228
    Checking nu-ansi-term v0.50.3
    Checking thiserror v1.0.69
    Checking crossterm v0.29.0
    Checking ogg v0.8.0
    Checking crc32fast v1.5.0
    Checking matchers v0.2.0
    Checking zmij v1.0.21
    Checking block-buffer v0.10.4
    Checking crypto-common v0.1.7
    Checking webpki-roots v1.0.7
    Checking tracing-log v0.2.0
    Checking windows-core v0.51.1
    Checking sharded-slab v0.1.7
    Checking windows-core v0.52.0
    Checking thread_local v1.1.9
    Checking option-ext v0.2.0
    Checking dasp_sample v0.11.0
    Checking minimal-lexical v0.2.1
    Checking ratatui-crossterm v0.1.0
    Checking digest v0.10.7
    Checking ratatui-macros v0.7.0
    Checking flate2 v1.1.9
    Checking serde_json v1.0.149
    Checking dirs-sys v0.4.1
    Checking nom v7.1.3
    Checking windows v0.51.1
    Checking tracing-subscriber v0.3.23
    Checking lewton v0.10.2
    Checking serde_urlencoded v0.7.1
    Checking windows v0.52.0
    Checking symphonia v0.5.5
    Checking anyhow v1.0.102
    Checking ntapi v0.4.3
    Checking walkdir v2.5.0
    Checking http-body-util v0.1.3
    Checking filetime v0.2.28
    Checking unicode-width v0.1.14
    Checking hound v3.5.1
    Checking widestring v1.2.1
    Checking symlink v0.1.0
    Checking base64 v0.21.7
    Checking claxon v0.4.3
    Checking cpufeatures v0.2.17
    Checking tracing-appender v0.2.5
    Checking notify v6.1.1
    Checking sha2 v0.10.9
    Checking hdrhistogram v7.5.4
    Checking directories v5.0.1
    Checking ratatui v0.30.0
    Checking regex v1.12.3
    Checking hyper v1.9.0
    Checking tower v0.5.3
    Checking tokio-rustls v0.26.4
    Checking realfft v3.5.0
    Checking tui-input v0.15.3
    Checking windows-sys v0.52.0
    Checking hex v0.4.3
    Checking hyper-util v0.1.20
    Checking tower-http v0.6.10
    Checking rubato v0.15.0
    Checking getrandom v0.4.2
    Checking fastrand v2.4.1
    Checking utf8parse v0.2.2
    Checking encode_unicode v1.0.0
    Checking nix v0.28.0
    Checking winreg v0.10.1
    Checking filedescriptor v0.8.3
    Checking vte v0.11.1
    Checking tempfile v3.27.0
    Checking serial2 v0.2.37
    Checking shared_library v0.1.9
    Checking downcast-rs v1.2.1
    Checking shell-words v1.1.1
    Checking console v0.16.3
    Checking similar v2.7.0
    Checking portable-pty v0.9.0
    Checking vt100 v0.15.2
    Checking hyper-rustls v0.27.9
    Checking insta v1.47.2
    Checking reqwest v0.12.28
    Checking cpal v0.15.3
    Checking rodio v0.17.3
    Checking wasapi v0.14.0
    Checking sysinfo v0.30.13
    Checking tui-translator v0.1.4 (C:\Users\linhnt102\zoom-terminal-translator-rs)
    Finished `dev` profile [unoptimized + debuginfo] target(s) in 1m 07s
